[0mGET /favicon.ico [33m404 [0m859.622 ms - 150[0m
[0mGET /undefined [33m404 [0m16.303 ms - 148[0m
[0mPOST /api/v1/users/create-session [33m422 [0m14.256 ms - 39[0m
[0mDELETE /api/v1/posts/delete/http://localhost:8000/api/v1/posts/delete/5ecbbcc301b9c11b14690ad9 [33m404 [0m7.358 ms - 228[0m
[0mDELETE /api/v1/posts/delete/http://localhost:8000/api/v1/posts/delete/5ecbbcc301b9c11b14690ad9 [33m404 [0m6.725 ms - 228[0m
[0mDELETE /api/v1/posts/delete/http://localhost:8000/api/v1/posts/delete/5ecbbcc301b9c11b14690ad9 [33m404 [0m7.186 ms - 228[0m
[0mDELETE /api/v1/posts/delete/5ecbbcc301b9c11b14690ad9 [31m500 [0m100.697 ms - 35[0m
[0mDELETE /api/v1/posts/delete/5ecbbcc301b9c11b14690ad9 [31m500 [0m23.681 ms - 35[0m
[0mDELETE /api/v1/posts/delete/5ece35282c9b211bbca06ff8 [33m401 [0m6.110 ms - -[0m
[0mGET /undefined [33m404 [0m22.364 ms - 148[0m
[0mDELETE /api/v1/posts/delete/5ece37642c9b211bbca06ff9 [33m401 [0m5.706 ms - -[0m
[0mGET /undefined [33m404 [0m11.091 ms - 148[0m
[0mGET /favicon.ico [33m404 [0m205.377 ms - 150[0m
[0mGET /undefined [33m404 [0m13.955 ms - 148[0m
[0mGET /undefined [33m404 [0m13.022 ms - 148[0m
[0mGET /undefined [33m404 [0m10.683 ms - 148[0m
[0mGET /users/5ecbb1a1f320640c7cc4cc02 [33m404 [0m18.706 ms - 169[0m
[0mGET /undefined [33m404 [0m15.794 ms - 148[0m
[0mGET /favicon.ico [33m404 [0m21.549 ms - 150[0m
[0mGET /favicon.ico [33m404 [0m17.211 ms - 150[0m
[0mGET /users/reset_password/token/80eb6ba57f0aa7502cbe [33m403 [0m20.887 ms - 36[0m
[0mGET /users/reset_password/token/80eb6ba57f0aa7502cbe [33m403 [0m37.495 ms - 36[0m
[0mGET /users/reset_password/token/80eb6ba57f0aa7502cbe [33m403 [0m26.154 ms - 36[0m
[0mGET /users/reset_password/token/80eb6ba57f0aa7502cbe [33m403 [0m27.644 ms - 36[0m
[0mPOST /users/reset_password/80eb6ba57f0aa7502cbe [33m403 [0m21.455 ms - 63[0m
